<?xml version="1.0" encoding="UTF-8"?>
<!-- Generated by org.testng.reporters.JUnitReportReporter -->
<testsuite hostname="hemanth" failures="0" tests="1" name="StepDefinition.TestRunner" time="11.028" errors="0" timestamp="2022-06-15T18:01:50 IST" skipped="0">
  <testcase classname="StepDefinition.TestRunner" name="runScenario" time="11.028"/>
  <system-out/>
</testsuite> <!-- StepDefinition.TestRunner -->
